<?xml version="1.0" encoding="UTF-8"?>
<testng-results skipped="0" failed="0" ignored="0" total="1" passed="1">
  <reporter-output>
  </reporter-output>
  <suite name="Suite" duration-ms="26783" started-at="2018-06-28T06:14:45Z" finished-at="2018-06-28T06:15:11Z">
    <groups>
    </groups>
    <test name="Test" duration-ms="26783" started-at="2018-06-28T06:14:45Z" finished-at="2018-06-28T06:15:11Z">
      <class name="testcases.NewTest">
        <test-method status="PASS" signature="afterClass()[pri:0, instance:testcases.NewTest@42d80b78]" name="afterClass" is-config="true" duration-ms="10519" started-at="2018-06-28T06:14:45Z" finished-at="2018-06-28T06:14:55Z">
          <reporter-output>
          </reporter-output>
        </test-method> <!-- afterClass -->
        <test-method status="PASS" signature="f()[pri:0, instance:testcases.NewTest@42d80b78]" name="f" duration-ms="11096" started-at="2018-06-28T06:14:55Z" finished-at="2018-06-28T06:15:06Z">
          <reporter-output>
          </reporter-output>
        </test-method> <!-- f -->
        <test-method status="PASS" signature="afterTest()[pri:0, instance:testcases.NewTest@42d80b78]" name="afterTest" is-config="true" duration-ms="5156" started-at="2018-06-28T06:15:06Z" finished-at="2018-06-28T06:15:11Z">
          <reporter-output>
          </reporter-output>
        </test-method> <!-- afterTest -->
      </class> <!-- testcases.NewTest -->
    </test> <!-- Test -->
  </suite> <!-- Suite -->
</testng-results>
